Using pre-set license
Built from '2022.3/staging' branch; Version is '2022.3.9f1 (ea401c316338) revision 15351836'; Using compiler version '192829333'; Build Type 'Release'
OS: 'Windows 11  (10.0.22621) 64bit Core' Language: 'ko' Physical Memory: 18293 MB
BatchMode: 1, IsHumanControllingUs: 0, StartBugReporterOnCrash: 0, Is64bit: 1, IsPro: 1

COMMAND LINE ARGUMENTS:
C:\Program Files\Unity\Hub\Editor\2022.3.9f1\Editor\Unity.exe
-adb2
-batchMode
-noUpm
-name
AssetImportWorker0
-projectPath
C:/GitHub/five_queue
-logFile
Logs/AssetImportWorker0.log
-srvPort
63962
Successfully changed project path to: C:/GitHub/five_queue
C:/GitHub/five_queue
[UnityMemory] Configuration Parameters - Can be set up in boot.config
    "memorysetup-bucket-allocator-granularity=16"
    "memorysetup-bucket-allocator-bucket-count=8"
    "memorysetup-bucket-allocator-block-size=33554432"
    "memorysetup-bucket-allocator-block-count=8"
    "memorysetup-main-allocator-block-size=16777216"
    "memorysetup-thread-allocator-block-size=16777216"
    "memorysetup-gfx-main-allocator-block-size=16777216"
    "memorysetup-gfx-thread-allocator-block-size=16777216"
    "memorysetup-cache-allocator-block-size=4194304"
    "memorysetup-typetree-allocator-block-size=2097152"
    "memorysetup-profiler-bucket-allocator-granularity=16"
    "memorysetup-profiler-bucket-allocator-bucket-count=8"
    "memorysetup-profiler-bucket-allocator-block-size=33554432"
    "memorysetup-profiler-bucket-allocator-block-count=8"
    "memorysetup-profiler-allocator-block-size=16777216"
    "memorysetup-profiler-editor-allocator-block-size=1048576"
    "memorysetup-temp-allocator-size-main=16777216"
    "memorysetup-job-temp-allocator-block-size=2097152"
    "memorysetup-job-temp-allocator-block-size-background=1048576"
    "memorysetup-job-temp-allocator-reduction-small-platforms=262144"
    "memorysetup-allocator-temp-initial-block-size-main=262144"
    "memorysetup-allocator-temp-initial-block-size-worker=262144"
    "memorysetup-temp-allocator-size-background-worker=32768"
    "memorysetup-temp-allocator-size-job-worker=262144"
    "memorysetup-temp-allocator-size-preload-manager=33554432"
    "memorysetup-temp-allocator-size-nav-mesh-worker=65536"
    "memorysetup-temp-allocator-size-audio-worker=65536"
    "memorysetup-temp-allocator-size-cloud-worker=32768"
    "memorysetup-temp-allocator-size-gi-baking-worker=262144"
    "memorysetup-temp-allocator-size-gfx=262144"
Player connection [1924] Host "[IP] 192.168.200.116 [Port] 0 [Flags] 2 [Guid] 452651570 [EditorId] 452651570 [Version] 1048832 [Id] WindowsEditor(7,DESKTOP-G2N5EG7) [Debug] 1 [PackageName] WindowsEditor [ProjectName] Editor" joined multi-casting on [225.0.0.222:54997]...

Player connection [1924] Host "[IP] 192.168.200.116 [Port] 0 [Flags] 2 [Guid] 452651570 [EditorId] 452651570 [Version] 1048832 [Id] WindowsEditor(7,DESKTOP-G2N5EG7) [Debug] 1 [PackageName] WindowsEditor [ProjectName] Editor" joined alternative multi-casting on [225.0.0.222:34997]...

[Physics::Module] Initialized MultithreadedJobDispatcher with 11 workers.
Refreshing native plugins compatible for Editor in 5.77 ms, found 3 plugins.
Preloading 0 native plugins for Editor in 0.00 ms.
Initialize engine version: 2022.3.9f1 (ea401c316338)
[Subsystems] Discovering subsystems at path C:/Program Files/Unity/Hub/Editor/2022.3.9f1/Editor/Data/Resources/UnitySubsystems
[Subsystems] Discovering subsystems at path C:/GitHub/five_queue/Assets
GfxDevice: creating device client; threaded=0; jobified=0
Direct3D:
    Version:  Direct3D 11.0 [level 11.1]
    Renderer: AMD Radeon(TM) Graphics (ID=0x164c)
    Vendor:   ATI
    VRAM:     9146 MB
    Driver:   31.0.12044.56000
Initialize mono
Mono path[0] = 'C:/Program Files/Unity/Hub/Editor/2022.3.9f1/Editor/Data/Managed'
Mono path[1] = 'C:/Program Files/Unity/Hub/Editor/2022.3.9f1/Editor/Data/MonoBleedingEdge/lib/mono/unityjit-win32'
Mono config path = 'C:/Program Files/Unity/Hub/Editor/2022.3.9f1/Editor/Data/MonoBleedingEdge/etc'
Using monoOptions --debugger-agent=transport=dt_socket,embedding=1,server=y,suspend=n,address=127.0.0.1:56492
Begin MonoManager ReloadAssembly
Registering precompiled unity dll's ...
Register platform support module: C:/Program Files/Unity/Hub/Editor/2022.3.9f1/Editor/Data/PlaybackEngines/WindowsStandaloneSupport/UnityEditor.WindowsStandalone.Extensions.dll
Registered in 0.004927 seconds.
- Loaded All Assemblies, in  0.386 seconds
Native extension for WindowsStandalone target not found
Mono: successfully reloaded assembly
- Finished resetting the current domain, in  0.327 seconds
Domain Reload Profiling: 712ms
	BeginReloadAssembly (111ms)
		ExecutionOrderSort (0ms)
		DisableScriptedObjects (0ms)
		BackupInstance (0ms)
		ReleaseScriptingObjects (0ms)
		CreateAndSetChildDomain (1ms)
	RebuildCommonClasses (38ms)
	RebuildNativeTypeToScriptingClass (12ms)
	initialDomainReloadingComplete (59ms)
	LoadAllAssembliesAndSetupDomain (164ms)
		LoadAssemblies (109ms)
		RebuildTransferFunctionScriptingTraits (0ms)
		AnalyzeDomain (162ms)
			TypeCache.Refresh (160ms)
				TypeCache.ScanAssembly (145ms)
			ScanForSourceGeneratedMonoScriptInfo (0ms)
			ResolveRequiredComponents (1ms)
	FinalizeReload (327ms)
		ReleaseScriptCaches (0ms)
		RebuildScriptCaches (0ms)
		SetupLoadedEditorAssemblies (253ms)
			LogAssemblyErrors (0ms)
			InitializePlatformSupportModulesInManaged (11ms)
			SetLoadedEditorAssemblies (11ms)
			RefreshPlugins (0ms)
			BeforeProcessingInitializeOnLoad (3ms)
			ProcessInitializeOnLoadAttributes (165ms)
			ProcessInitializeOnLoadMethodAttributes (63ms)
			AfterProcessingInitializeOnLoad (0ms)
			EditorAssembliesLoaded (0ms)
		ExecutionOrderSort2 (0ms)
		AwakeInstancesAfterBackupRestoration (0ms)
========================================================================
Worker process is ready to serve import requests
Begin MonoManager ReloadAssembly
- Loaded All Assemblies, in  0.640 seconds
Refreshing native plugins compatible for Editor in 2.92 ms, found 3 plugins.
Native extension for WindowsStandalone target not found
Package Manager log level set to [2]
[Package Manager] Server::EnsureServerProcessIsRunning -- launch failed, reason: Unity was launched with the -noUpm command-line argument
[Package Manager] UpmClient::Send -- Unable to send message (not connected to UPM process).
[Package Manager] Cannot connect to Unity Package Manager local server
Mono: successfully reloaded assembly
- Finished resetting the current domain, in  0.869 seconds
Domain Reload Profiling: 1507ms
	BeginReloadAssembly (168ms)
		ExecutionOrderSort (0ms)
		DisableScriptedObjects (6ms)
		BackupInstance (0ms)
		ReleaseScriptingObjects (0ms)
		CreateAndSetChildDomain (34ms)
	RebuildCommonClasses (42ms)
	RebuildNativeTypeToScriptingClass (12ms)
	initialDomainReloadingComplete (45ms)
	LoadAllAssembliesAndSetupDomain (372ms)
		LoadAssemblies (289ms)
		RebuildTransferFunctionScriptingTraits (0ms)
		AnalyzeDomain (167ms)
			TypeCache.Refresh (143ms)
				TypeCache.ScanAssembly (125ms)
			ScanForSourceGeneratedMonoScriptInfo (17ms)
			ResolveRequiredComponents (6ms)
	FinalizeReload (870ms)
		ReleaseScriptCaches (0ms)
		RebuildScriptCaches (0ms)
		SetupLoadedEditorAssemblies (685ms)
			LogAssemblyErrors (0ms)
			InitializePlatformSupportModulesInManaged (8ms)
			SetLoadedEditorAssemblies (6ms)
			RefreshPlugins (0ms)
			BeforeProcessingInitializeOnLoad (67ms)
			ProcessInitializeOnLoadAttributes (567ms)
			ProcessInitializeOnLoadMethodAttributes (31ms)
			AfterProcessingInitializeOnLoad (5ms)
			EditorAssembliesLoaded (0ms)
		ExecutionOrderSort2 (0ms)
		AwakeInstancesAfterBackupRestoration (6ms)
Launched and connected shader compiler UnityShaderCompiler.exe after 0.09 seconds
Refreshing native plugins compatible for Editor in 2.39 ms, found 3 plugins.
Preloading 0 native plugins for Editor in 0.00 ms.
Unloading 3315 Unused Serialized files (Serialized files now loaded: 0)
Unloading 50 unused Assets / (129.2 KB). Loaded Objects now: 3783.
Memory consumption went from 125.4 MB to 125.3 MB.
Total: 4.817000 ms (FindLiveObjects: 0.520900 ms CreateObjectMapping: 0.095500 ms MarkObjects: 4.035300 ms  DeleteObjects: 0.163700 ms)

AssetImportParameters requested are different than current active one (requested -> active):
  custom:container-demuxer-ogg: 62fdf1f143b41e24485cea50d1cbac27 -> 
  custom:video-decoder-ogg-theora: a1e56fd34408186e4bbccfd4996cb3dc -> 
  custom:framework-win-MediaFoundation: 216162199b28c13a410421893ffa2e32 -> 
  custom:container-demuxer-webm: 4f35f7cbe854078d1ac9338744f61a02 -> 
  custom:container-muxer-webm: aa71ff27fc2769a1b78a27578f13a17b -> 
  custom:video-decoder-webm-vp8: 9c59270c3fd7afecdb556c50c9e8de78 -> 
  custom:AudioImporter_EditorPlatform: d09bf68614088b80899f8185d706f6e7 -> 
  custom:video-encoder-webm-vp8: eb34c28f22e8b96e1ab97ce403110664 -> 
  custom:audio-decoder-ogg-vorbis: bf7c407c2cedff20999df2af8eb42d56 -> 
  custom:audio-encoder-webm-vorbis: bf7c407c2cedff20999df2af8eb42d56 -> 
========================================================================
Received Import Request.
  Time since last request: 160836.257492 seconds.
  path: Assets/Scenes/TestScene.unity
  artifactKey: Guid(84d6a1cc01a862748b0f131adfec0bcf) Importer(815301076,1909f56bfc062723c751e8b465ee728b)
Start importing Assets/Scenes/TestScene.unity using Guid(84d6a1cc01a862748b0f131adfec0bcf) Importer(815301076,1909f56bfc062723c751e8b465ee728b)  -> (artifact id: '3ad0d60b6e910f60f9d2485bc4c5b741') in 0.002886 seconds
Number of updated asset objects reloaded before import = 0
Number of asset objects unloaded after import = 0
========================================================================
Received Import Request.
  Time since last request: 8.197973 seconds.
  path: Assets/Script/Interaction.cs
  artifactKey: Guid(ccac92b3be44c9e489402b0c56c3fb9e) Importer(815301076,1909f56bfc062723c751e8b465ee728b)
Start importing Assets/Script/Interaction.cs using Guid(ccac92b3be44c9e489402b0c56c3fb9e) Importer(815301076,1909f56bfc062723c751e8b465ee728b)  -> (artifact id: '9b2e0fd537ba5f55e0f0131ad7c3b755') in 0.000615 seconds
Number of updated asset objects reloaded before import = 0
Number of asset objects unloaded after import = 0
========================================================================
Received Prepare
Refreshing native plugins compatible for Editor in 2.33 ms, found 3 plugins.
Preloading 0 native plugins for Editor in 0.00 ms.
Unloading 1 Unused Serialized files (Serialized files now loaded: 0)
Unloading 2 unused Assets / (74.2 KB). Loaded Objects now: 3783.
Memory consumption went from 69.4 MB to 69.3 MB.
Total: 4.071400 ms (FindLiveObjects: 0.357700 ms CreateObjectMapping: 0.142400 ms MarkObjects: 3.519000 ms  DeleteObjects: 0.051000 ms)

Prepare: number of updated asset objects reloaded= 0
AssetImportParameters requested are different than current active one (requested -> active):
  custom:container-demuxer-ogg: 62fdf1f143b41e24485cea50d1cbac27 -> 
  custom:video-decoder-ogg-theora: a1e56fd34408186e4bbccfd4996cb3dc -> 
  custom:framework-win-MediaFoundation: 216162199b28c13a410421893ffa2e32 -> 
  custom:CustomObjectIndexerAttribute: 756ad292c208cfabdd7b50bc23989ffe -> 
  custom:container-demuxer-webm: 4f35f7cbe854078d1ac9338744f61a02 -> 
  custom:container-muxer-webm: aa71ff27fc2769a1b78a27578f13a17b -> 
  custom:video-decoder-webm-vp8: 9c59270c3fd7afecdb556c50c9e8de78 -> 
  custom:SearchIndexIgnoredProperties: e643bd26f0fe6173181afceb89e7c659 -> 
  custom:AudioImporter_EditorPlatform: d09bf68614088b80899f8185d706f6e7 -> 
  custom:video-encoder-webm-vp8: eb34c28f22e8b96e1ab97ce403110664 -> 
  custom:audio-decoder-ogg-vorbis: bf7c407c2cedff20999df2af8eb42d56 -> 
  custom:audio-encoder-webm-vorbis: bf7c407c2cedff20999df2af8eb42d56 -> 
========================================================================
Received Import Request.
  Time since last request: 3012.173643 seconds.
  path: Assets/Asset/PixelArtStudio/Textures/128x64_blue_isogrid.png
  artifactKey: Guid(c959d1a764934274ab208a9ee07af9fe) Importer(815301076,1909f56bfc062723c751e8b465ee728b)
Start importing Assets/Asset/PixelArtStudio/Textures/128x64_blue_isogrid.png using Guid(c959d1a764934274ab208a9ee07af9fe) Importer(815301076,1909f56bfc062723c751e8b465ee728b)  -> (artifact id: '92f839df30917a33b604ede18f16ac58') in 0.103932 seconds
Number of updated asset objects reloaded before import = 0
Number of asset objects unloaded after import = 3
========================================================================
Received Import Request.
  Time since last request: 0.000039 seconds.
  path: Assets/Asset/Pixel Adventure 1/Assets/Main Characters/Appearing (96x96).png
  artifactKey: Guid(3421078018dc3934a8c1ab3b7bf89aa0) Importer(815301076,1909f56bfc062723c751e8b465ee728b)
Start importing Assets/Asset/Pixel Adventure 1/Assets/Main Characters/Appearing (96x96).png using Guid(3421078018dc3934a8c1ab3b7bf89aa0) Importer(815301076,1909f56bfc062723c751e8b465ee728b)  -> (artifact id: '2a7f9a5f38722101684073a634e857a9') in 0.041691 seconds
Number of updated asset objects reloaded before import = 0
Number of asset objects unloaded after import = 9
========================================================================
Received Import Request.
  Time since last request: 26.180008 seconds.
  path: Assets/Asset/PixelArtStudio/SkeletonsPack/CommonSoldier/Textures/Attack/Left/Attack.png
  artifactKey: Guid(2957e78034ad78246adecbc738a572cd) Importer(815301076,1909f56bfc062723c751e8b465ee728b)
Start importing Assets/Asset/PixelArtStudio/SkeletonsPack/CommonSoldier/Textures/Attack/Left/Attack.png using Guid(2957e78034ad78246adecbc738a572cd) Importer(815301076,1909f56bfc062723c751e8b465ee728b)  -> (artifact id: '40682f10c93349b7efc9a951faaca600') in 0.043862 seconds
Number of updated asset objects reloaded before import = 0
Number of asset objects unloaded after import = 10
========================================================================
Received Import Request.
  Time since last request: 0.000027 seconds.
  path: Assets/Asset/PixelArtStudio/SkeletonsPack/CommonSoldier/Textures/Attack/Bot/Attack.png
  artifactKey: Guid(4a7c0da22d195094c996d9182a363b82) Importer(815301076,1909f56bfc062723c751e8b465ee728b)
Start importing Assets/Asset/PixelArtStudio/SkeletonsPack/CommonSoldier/Textures/Attack/Bot/Attack.png using Guid(4a7c0da22d195094c996d9182a363b82) Importer(815301076,1909f56bfc062723c751e8b465ee728b)  -> (artifact id: '01ae84f4c5a295d5a887a0bb0bfeca26') in 0.042053 seconds
Number of updated asset objects reloaded before import = 0
Number of asset objects unloaded after import = 10
========================================================================
Received Import Request.
  Time since last request: 0.000020 seconds.
  path: Assets/Asset/PixelArtStudio/SkeletonsPack/CommonSoldier/Textures/Attack/Top/Attack.png
  artifactKey: Guid(d148b6501c6d9dc44966e61e07ce0497) Importer(815301076,1909f56bfc062723c751e8b465ee728b)
Start importing Assets/Asset/PixelArtStudio/SkeletonsPack/CommonSoldier/Textures/Attack/Top/Attack.png using Guid(d148b6501c6d9dc44966e61e07ce0497) Importer(815301076,1909f56bfc062723c751e8b465ee728b)  -> (artifact id: 'f3551878d7d0c1d41242a8b65542f7a8') in 0.042699 seconds
Number of updated asset objects reloaded before import = 0
Number of asset objects unloaded after import = 10
========================================================================
Received Import Request.
  Time since last request: 0.000024 seconds.
  path: Assets/Asset/PixelArtStudio/SkeletonsPack/CommonSoldier/Textures/Attack/LeftBot/Attack.png
  artifactKey: Guid(e78355d7bdac39144a763174d6c5e8cf) Importer(815301076,1909f56bfc062723c751e8b465ee728b)
Start importing Assets/Asset/PixelArtStudio/SkeletonsPack/CommonSoldier/Textures/Attack/LeftBot/Attack.png using Guid(e78355d7bdac39144a763174d6c5e8cf) Importer(815301076,1909f56bfc062723c751e8b465ee728b)  -> (artifact id: 'e0e10485a4be5195280c85625dabd627') in 0.042130 seconds
Number of updated asset objects reloaded before import = 0
Number of asset objects unloaded after import = 10
========================================================================
Received Import Request.
  Time since last request: 0.000031 seconds.
  path: Assets/Asset/PixelArtStudio/SkeletonsPack/CommonSoldier/Textures/Attack/RightTop/Attack.png
  artifactKey: Guid(6459e6af2d31cb94ea8c2396faa0d6de) Importer(815301076,1909f56bfc062723c751e8b465ee728b)
Start importing Assets/Asset/PixelArtStudio/SkeletonsPack/CommonSoldier/Textures/Attack/RightTop/Attack.png using Guid(6459e6af2d31cb94ea8c2396faa0d6de) Importer(815301076,1909f56bfc062723c751e8b465ee728b)  -> (artifact id: 'b200a02c88cc43d573595c5f879f18ec') in 0.044746 seconds
Number of updated asset objects reloaded before import = 0
Number of asset objects unloaded after import = 10
========================================================================
Received Import Request.
  Time since last request: 0.102973 seconds.
  path: Assets/Asset/PixelArtStudio/SkeletonsPack/CommonSoldier/Textures/Attack/RightBot/Attack.png
  artifactKey: Guid(966e7c2454984684cb560b12ea0e87ca) Importer(815301076,1909f56bfc062723c751e8b465ee728b)
Start importing Assets/Asset/PixelArtStudio/SkeletonsPack/CommonSoldier/Textures/Attack/RightBot/Attack.png using Guid(966e7c2454984684cb560b12ea0e87ca) Importer(815301076,1909f56bfc062723c751e8b465ee728b)  -> (artifact id: 'b60740a573c0bc348d85db576b7ce9e5') in 0.044803 seconds
Number of updated asset objects reloaded before import = 0
Number of asset objects unloaded after import = 10
========================================================================
Received Import Request.
  Time since last request: 0.000039 seconds.
  path: Assets/Asset/PixelArtStudio/SkeletonsPack/CommonSoldier/Textures/Attack/Right/Attack.png
  artifactKey: Guid(43a7f84903213b34bbee4a7fb3c42bc2) Importer(815301076,1909f56bfc062723c751e8b465ee728b)
Start importing Assets/Asset/PixelArtStudio/SkeletonsPack/CommonSoldier/Textures/Attack/Right/Attack.png using Guid(43a7f84903213b34bbee4a7fb3c42bc2) Importer(815301076,1909f56bfc062723c751e8b465ee728b)  -> (artifact id: '8a675260961cfb9fb0a8cb19569e10fc') in 0.043308 seconds
Number of updated asset objects reloaded before import = 0
Number of asset objects unloaded after import = 10
========================================================================
Received Import Request.
  Time since last request: 0.000029 seconds.
  path: Assets/Asset/PixelArtStudio/SkeletonsPack/CommonSoldier/Textures/Attack/LeftTop/Attack.png
  artifactKey: Guid(23423adccb7812d4e821a5490232de6e) Importer(815301076,1909f56bfc062723c751e8b465ee728b)
Start importing Assets/Asset/PixelArtStudio/SkeletonsPack/CommonSoldier/Textures/Attack/LeftTop/Attack.png using Guid(23423adccb7812d4e821a5490232de6e) Importer(815301076,1909f56bfc062723c751e8b465ee728b)  -> (artifact id: '93d0a7fadd8bc5120ed482de595b3b83') in 0.046185 seconds
Number of updated asset objects reloaded before import = 0
Number of asset objects unloaded after import = 10
========================================================================
Received Import Request.
  Time since last request: 1.791515 seconds.
  path: Assets/UI/empty.png
  artifactKey: Guid(bccb6b16cb26582448482ed5b53eaca4) Importer(815301076,1909f56bfc062723c751e8b465ee728b)
Start importing Assets/UI/empty.png using Guid(bccb6b16cb26582448482ed5b53eaca4) Importer(815301076,1909f56bfc062723c751e8b465ee728b)  -> (artifact id: '48e14b80784c758ec699a6a284ce8411') in 0.024807 seconds
Number of updated asset objects reloaded before import = 0
Number of asset objects unloaded after import = 3
========================================================================
Received Import Request.
  Time since last request: 20.752875 seconds.
  path: Assets/UI/CharFaceDied.png
  artifactKey: Guid(98da500099af6234aa09a3473ca7bd62) Importer(815301076,1909f56bfc062723c751e8b465ee728b)
Start importing Assets/UI/CharFaceDied.png using Guid(98da500099af6234aa09a3473ca7bd62) Importer(815301076,1909f56bfc062723c751e8b465ee728b)  -> (artifact id: 'a25d817a7cd8f90bbf659df0f45090ac') in 0.024698 seconds
Number of updated asset objects reloaded before import = 0
Number of asset objects unloaded after import = 3
========================================================================
Received Import Request.
  Time since last request: 0.000024 seconds.
  path: Assets/UI/SPbar.png
  artifactKey: Guid(d520c8a9393420f44a496e951130508e) Importer(815301076,1909f56bfc062723c751e8b465ee728b)
Start importing Assets/UI/SPbar.png using Guid(d520c8a9393420f44a496e951130508e) Importer(815301076,1909f56bfc062723c751e8b465ee728b)  -> (artifact id: 'dd0149ea80ebca5ed13df7b21843e9f4') in 0.024795 seconds
Number of updated asset objects reloaded before import = 0
Number of asset objects unloaded after import = 3
========================================================================
Received Import Request.
  Time since last request: 0.000072 seconds.
  path: Assets/UI/InventoryBG.png
  artifactKey: Guid(d402976e25603594e932c2bbfd7b38ce) Importer(815301076,1909f56bfc062723c751e8b465ee728b)
Start importing Assets/UI/InventoryBG.png using Guid(d402976e25603594e932c2bbfd7b38ce) Importer(815301076,1909f56bfc062723c751e8b465ee728b)  -> (artifact id: '5a35b2d61b43e5c800775154d258c5b1') in 0.023031 seconds
Number of updated asset objects reloaded before import = 0
Number of asset objects unloaded after import = 3
========================================================================
Received Import Request.
  Time since last request: 0.000023 seconds.
  path: Assets/UI/RingOnSkillIcon.png
  artifactKey: Guid(4a107104f43c6fc4daaa057fd282d134) Importer(815301076,1909f56bfc062723c751e8b465ee728b)
Start importing Assets/UI/RingOnSkillIcon.png using Guid(4a107104f43c6fc4daaa057fd282d134) Importer(815301076,1909f56bfc062723c751e8b465ee728b)  -> (artifact id: '648e955ed646662cc64d644ee2f34e25') in 0.023249 seconds
Number of updated asset objects reloaded before import = 0
Number of asset objects unloaded after import = 3
========================================================================
Received Import Request.
  Time since last request: 0.000036 seconds.
  path: Assets/UI/circle.png
  artifactKey: Guid(bf39d368d0645d0428a3cf3d20cfdea9) Importer(815301076,1909f56bfc062723c751e8b465ee728b)
Start importing Assets/UI/circle.png using Guid(bf39d368d0645d0428a3cf3d20cfdea9) Importer(815301076,1909f56bfc062723c751e8b465ee728b)  -> (artifact id: '84143e1ab01daf8316e4a3a9a13918db') in 0.025229 seconds
Number of updated asset objects reloaded before import = 0
Number of asset objects unloaded after import = 3
========================================================================
Received Import Request.
  Time since last request: 0.000027 seconds.
  path: Assets/UI/HPbar.png
  artifactKey: Guid(d21fe397000938047bb2c17ef70a813c) Importer(815301076,1909f56bfc062723c751e8b465ee728b)
Start importing Assets/UI/HPbar.png using Guid(d21fe397000938047bb2c17ef70a813c) Importer(815301076,1909f56bfc062723c751e8b465ee728b)  -> (artifact id: 'fdacbc4c0f1710d894ab529fc3af6779') in 0.023460 seconds
Number of updated asset objects reloaded before import = 0
Number of asset objects unloaded after import = 3
========================================================================
Received Import Request.
  Time since last request: 0.000032 seconds.
  path: Assets/UI/HungerBar.png
  artifactKey: Guid(01e67d16240e31449bc385eb1901b3df) Importer(815301076,1909f56bfc062723c751e8b465ee728b)
Start importing Assets/UI/HungerBar.png using Guid(01e67d16240e31449bc385eb1901b3df) Importer(815301076,1909f56bfc062723c751e8b465ee728b)  -> (artifact id: 'bcaa7be47afbcdb24d72b9ad078709bc') in 0.026468 seconds
Number of updated asset objects reloaded before import = 0
Number of asset objects unloaded after import = 3
========================================================================
Received Import Request.
  Time since last request: 1.107241 seconds.
  path: Assets/UI/StatsBarBG.png
  artifactKey: Guid(2ec466e5b153f3f49ae62ad62cbe8f29) Importer(815301076,1909f56bfc062723c751e8b465ee728b)
Start importing Assets/UI/StatsBarBG.png using Guid(2ec466e5b153f3f49ae62ad62cbe8f29) Importer(815301076,1909f56bfc062723c751e8b465ee728b)  -> (artifact id: '1d35fc11da99479765321aab40d48512') in 0.025626 seconds
Number of updated asset objects reloaded before import = 0
Number of asset objects unloaded after import = 3
========================================================================
Received Import Request.
  Time since last request: 0.000176 seconds.
  path: Assets/UI/UltimateBG.png
  artifactKey: Guid(2d2041f8bdbcaca42a165ee4b8f4f9b2) Importer(815301076,1909f56bfc062723c751e8b465ee728b)
Start importing Assets/UI/UltimateBG.png using Guid(2d2041f8bdbcaca42a165ee4b8f4f9b2) Importer(815301076,1909f56bfc062723c751e8b465ee728b)  -> (artifact id: 'cdcbddb1c2956a887ce5db6af3669d04') in 0.022877 seconds
Number of updated asset objects reloaded before import = 0
Number of asset objects unloaded after import = 3
========================================================================
Received Import Request.
  Time since last request: 2.292757 seconds.
  path: Assets/Assets/UI Elements/White/2x/down arrow.png
  artifactKey: Guid(dd5ab83baa480ea44b966d7ca90d09bc) Importer(815301076,1909f56bfc062723c751e8b465ee728b)
Start importing Assets/Assets/UI Elements/White/2x/down arrow.png using Guid(dd5ab83baa480ea44b966d7ca90d09bc) Importer(815301076,1909f56bfc062723c751e8b465ee728b)  -> (artifact id: '8a5cc7eedfa9e2d04b5af9966f363035') in 0.022216 seconds
Number of updated asset objects reloaded before import = 0
Number of asset objects unloaded after import = 3
========================================================================
Received Import Request.
  Time since last request: 0.000034 seconds.
  path: Assets/Asset/Pixel Adventure 1/Assets/Other/Dust Particle.png
  artifactKey: Guid(e7980a08b8e9f3c4bbe56762604cba98) Importer(815301076,1909f56bfc062723c751e8b465ee728b)
Start importing Assets/Asset/Pixel Adventure 1/Assets/Other/Dust Particle.png using Guid(e7980a08b8e9f3c4bbe56762604cba98) Importer(815301076,1909f56bfc062723c751e8b465ee728b)  -> (artifact id: 'fa43237431ab3d0ef6e70c6dbe229f69') in 0.022533 seconds
Number of updated asset objects reloaded before import = 0
Number of asset objects unloaded after import = 3
========================================================================
Received Import Request.
  Time since last request: 1.439636 seconds.
  path: Assets/Assets/UI Elements/Black/1x/exit left.png
  artifactKey: Guid(e12772358f96dbf4ebe1b874adca6028) Importer(815301076,1909f56bfc062723c751e8b465ee728b)
Start importing Assets/Assets/UI Elements/Black/1x/exit left.png using Guid(e12772358f96dbf4ebe1b874adca6028) Importer(815301076,1909f56bfc062723c751e8b465ee728b)  -> (artifact id: '8c63a04a01170d85103c486339b722c1') in 0.021391 seconds
Number of updated asset objects reloaded before import = 0
Number of asset objects unloaded after import = 3
========================================================================
Received Import Request.
  Time since last request: 0.715022 seconds.
  path: Assets/Assets/UI Elements/Black/1x/down arrow.png
  artifactKey: Guid(612903ba0ddbe6e4c951e2784757d893) Importer(815301076,1909f56bfc062723c751e8b465ee728b)
Start importing Assets/Assets/UI Elements/Black/1x/down arrow.png using Guid(612903ba0ddbe6e4c951e2784757d893) Importer(815301076,1909f56bfc062723c751e8b465ee728b)  -> (artifact id: '41d918de62fdcb43dc813a52847d3b0f') in 0.020379 seconds
Number of updated asset objects reloaded before import = 0
Number of asset objects unloaded after import = 3
========================================================================
Received Import Request.
  Time since last request: 0.000018 seconds.
  path: Assets/Assets/UI Elements/White/1x/down arrow.png
  artifactKey: Guid(b6fcb67aab932ab47845505c9a99494c) Importer(815301076,1909f56bfc062723c751e8b465ee728b)
Start importing Assets/Assets/UI Elements/White/1x/down arrow.png using Guid(b6fcb67aab932ab47845505c9a99494c) Importer(815301076,1909f56bfc062723c751e8b465ee728b)  -> (artifact id: 'dc3fa1c24df3ce7fe4552ac35d71d9a1') in 0.022470 seconds
Number of updated asset objects reloaded before import = 0
Number of asset objects unloaded after import = 3
========================================================================
Received Import Request.
  Time since last request: 0.038375 seconds.
  path: Assets/Assets/UI Elements/White/1x/down.png
  artifactKey: Guid(156f9a19ef4181a49aff23aa6981effe) Importer(815301076,1909f56bfc062723c751e8b465ee728b)
Start importing Assets/Assets/UI Elements/White/1x/down.png using Guid(156f9a19ef4181a49aff23aa6981effe) Importer(815301076,1909f56bfc062723c751e8b465ee728b)  -> (artifact id: '4b165753bc161683b226f0d8b688169c') in 0.023354 seconds
Number of updated asset objects reloaded before import = 0
Number of asset objects unloaded after import = 3
========================================================================
Received Import Request.
  Time since last request: 0.000028 seconds.
  path: Assets/Assets/UI Elements/Black/2x/down arrow.png
  artifactKey: Guid(7e68da3ea8a5af242ba05b8d18e85ffa) Importer(815301076,1909f56bfc062723c751e8b465ee728b)
Start importing Assets/Assets/UI Elements/Black/2x/down arrow.png using Guid(7e68da3ea8a5af242ba05b8d18e85ffa) Importer(815301076,1909f56bfc062723c751e8b465ee728b)  -> (artifact id: '7f897c13604e4d00824cb477d802f328') in 0.022097 seconds
Number of updated asset objects reloaded before import = 0
Number of asset objects unloaded after import = 3
========================================================================
Received Import Request.
  Time since last request: 0.094843 seconds.
  path: Assets/Assets/UI Elements/Black/2x/down.png
  artifactKey: Guid(432f6b92520cb384b91c381860c74141) Importer(815301076,1909f56bfc062723c751e8b465ee728b)
Start importing Assets/Assets/UI Elements/Black/2x/down.png using Guid(432f6b92520cb384b91c381860c74141) Importer(815301076,1909f56bfc062723c751e8b465ee728b)  -> (artifact id: '285769835332e83fdb1ea690bb6d9d4b') in 0.024821 seconds
Number of updated asset objects reloaded before import = 0
Number of asset objects unloaded after import = 3
========================================================================
Received Import Request.
  Time since last request: 0.000019 seconds.
  path: Assets/Assets/UI Elements/White/2x/down.png
  artifactKey: Guid(3acd8d445bc88f547a8d43d9bd313ccf) Importer(815301076,1909f56bfc062723c751e8b465ee728b)
Start importing Assets/Assets/UI Elements/White/2x/down.png using Guid(3acd8d445bc88f547a8d43d9bd313ccf) Importer(815301076,1909f56bfc062723c751e8b465ee728b)  -> (artifact id: 'de51e791da78e8292b5d0fcfed489173') in 0.021719 seconds
Number of updated asset objects reloaded before import = 0
Number of asset objects unloaded after import = 3
========================================================================
Received Import Request.
  Time since last request: 0.000051 seconds.
  path: Assets/Asset/Pixel Adventure 1/Assets/Main Characters/Pink Man/Double Jump (32x32).png
  artifactKey: Guid(5fd9f3ec1e3e0bc4d8e308e10012a36a) Importer(815301076,1909f56bfc062723c751e8b465ee728b)
Start importing Assets/Asset/Pixel Adventure 1/Assets/Main Characters/Pink Man/Double Jump (32x32).png using Guid(5fd9f3ec1e3e0bc4d8e308e10012a36a) Importer(815301076,1909f56bfc062723c751e8b465ee728b)  -> (artifact id: '548bc7b2f10af4a37f88384947b47d45') in 0.036637 seconds
Number of updated asset objects reloaded before import = 0
Number of asset objects unloaded after import = 8
========================================================================
Received Import Request.
  Time since last request: 0.000029 seconds.
  path: Assets/Asset/Pixel Adventure 1/Assets/Main Characters/Mask Dude/Double Jump (32x32).png
  artifactKey: Guid(241f742f0911c3a428eea6612ae23b77) Importer(815301076,1909f56bfc062723c751e8b465ee728b)
Start importing Assets/Asset/Pixel Adventure 1/Assets/Main Characters/Mask Dude/Double Jump (32x32).png using Guid(241f742f0911c3a428eea6612ae23b77) Importer(815301076,1909f56bfc062723c751e8b465ee728b)  -> (artifact id: 'abf3afb660b9f3de097994b591f72301') in 0.035894 seconds
Number of updated asset objects reloaded before import = 0
Number of asset objects unloaded after import = 8
========================================================================
Received Import Request.
  Time since last request: 0.000018 seconds.
  path: Assets/Asset/Pixel Adventure 1/Assets/Main Characters/Ninja Frog/Double Jump (32x32).png
  artifactKey: Guid(4099f676255555240b5240f897805dce) Importer(815301076,1909f56bfc062723c751e8b465ee728b)
Start importing Assets/Asset/Pixel Adventure 1/Assets/Main Characters/Ninja Frog/Double Jump (32x32).png using Guid(4099f676255555240b5240f897805dce) Importer(815301076,1909f56bfc062723c751e8b465ee728b)  -> (artifact id: 'aed983a8c9b33585ae05d0f8b3a43ac1') in 0.038327 seconds
Number of updated asset objects reloaded before import = 0
Number of asset objects unloaded after import = 8
========================================================================
Received Import Request.
  Time since last request: 0.000022 seconds.
  path: Assets/Asset/Pixel Adventure 1/Assets/Main Characters/Virtual Guy/Double Jump (32x32).png
  artifactKey: Guid(62a315a8619ac644f899c29e008115c0) Importer(815301076,1909f56bfc062723c751e8b465ee728b)
Start importing Assets/Asset/Pixel Adventure 1/Assets/Main Characters/Virtual Guy/Double Jump (32x32).png using Guid(62a315a8619ac644f899c29e008115c0) Importer(815301076,1909f56bfc062723c751e8b465ee728b)  -> (artifact id: 'c7afa8be4b749e188a79cdf6ed1b2d7d') in 0.034350 seconds
Number of updated asset objects reloaded before import = 0
Number of asset objects unloaded after import = 8
========================================================================
Received Import Request.
  Time since last request: 3.491503 seconds.
  path: Assets/Asset/PixelArtStudio/SkeletonsPack/CommonSoldier/Textures/GetHit/Right/GetHit.png
  artifactKey: Guid(df1db17bfd06ea144b23fe06f6d2a857) Importer(815301076,1909f56bfc062723c751e8b465ee728b)
Start importing Assets/Asset/PixelArtStudio/SkeletonsPack/CommonSoldier/Textures/GetHit/Right/GetHit.png using Guid(df1db17bfd06ea144b23fe06f6d2a857) Importer(815301076,1909f56bfc062723c751e8b465ee728b)  -> (artifact id: '5885b8811081f6a014875ae8a0964b09') in 0.030725 seconds
Number of updated asset objects reloaded before import = 0
Number of asset objects unloaded after import = 7
========================================================================
Received Import Request.
  Time since last request: 0.000021 seconds.
  path: Assets/Asset/PixelArtStudio/SkeletonsPack/CommonSoldier/Textures/GetHit/RightBot/GetHit.png
  artifactKey: Guid(5b0e1fea0402a6c4eb317d37638dbecb) Importer(815301076,1909f56bfc062723c751e8b465ee728b)
Start importing Assets/Asset/PixelArtStudio/SkeletonsPack/CommonSoldier/Textures/GetHit/RightBot/GetHit.png using Guid(5b0e1fea0402a6c4eb317d37638dbecb) Importer(815301076,1909f56bfc062723c751e8b465ee728b)  -> (artifact id: '351e77977f650167b41346f9ec7a129a') in 0.033377 seconds
Number of updated asset objects reloaded before import = 0
Number of asset objects unloaded after import = 7
========================================================================
Received Import Request.
  Time since last request: 0.000050 seconds.
  path: Assets/Asset/PixelArtStudio/SkeletonsPack/CommonSoldier/Textures/GetHit/Left/GetHit.png
  artifactKey: Guid(efa3d7e5ed7ac474187ad819a88af4bf) Importer(815301076,1909f56bfc062723c751e8b465ee728b)
Start importing Assets/Asset/PixelArtStudio/SkeletonsPack/CommonSoldier/Textures/GetHit/Left/GetHit.png using Guid(efa3d7e5ed7ac474187ad819a88af4bf) Importer(815301076,1909f56bfc062723c751e8b465ee728b)  -> (artifact id: '285f4b0826c1ff93e80507cd2d3a5370') in 0.033772 seconds
Number of updated asset objects reloaded before import = 0
Number of asset objects unloaded after import = 7
========================================================================
Received Import Request.
  Time since last request: 0.000031 seconds.
  path: Assets/Asset/PixelArtStudio/SkeletonsPack/CommonSoldier/Textures/GetHit/LeftBot/GetHit.png
  artifactKey: Guid(1effb861d04ed664eb84d3c7026c15ba) Importer(815301076,1909f56bfc062723c751e8b465ee728b)
Start importing Assets/Asset/PixelArtStudio/SkeletonsPack/CommonSoldier/Textures/GetHit/LeftBot/GetHit.png using Guid(1effb861d04ed664eb84d3c7026c15ba) Importer(815301076,1909f56bfc062723c751e8b465ee728b)  -> (artifact id: '1d08a3127520b5b4e46a62922cce91e5') in 0.032646 seconds
Number of updated asset objects reloaded before import = 0
Number of asset objects unloaded after import = 7
========================================================================
Received Import Request.
  Time since last request: 0.000018 seconds.
  path: Assets/Asset/PixelArtStudio/SkeletonsPack/CommonSoldier/Textures/GetHit/LeftTop/GetHit.png
  artifactKey: Guid(c364bdac7c7e24941860e8e79f75d8cb) Importer(815301076,1909f56bfc062723c751e8b465ee728b)
Start importing Assets/Asset/PixelArtStudio/SkeletonsPack/CommonSoldier/Textures/GetHit/LeftTop/GetHit.png using Guid(c364bdac7c7e24941860e8e79f75d8cb) Importer(815301076,1909f56bfc062723c751e8b465ee728b)  -> (artifact id: '9ba619ed71d6b4f2170bb7456887e1fd') in 0.033621 seconds
Number of updated asset objects reloaded before import = 0
Number of asset objects unloaded after import = 7
========================================================================
Received Import Request.
  Time since last request: 0.000020 seconds.
  path: Assets/Assets/UI Elements/White/2x/pause.png
  artifactKey: Guid(1efe4aa24a33d0e4181b793c7107a7df) Importer(815301076,1909f56bfc062723c751e8b465ee728b)
Start importing Assets/Assets/UI Elements/White/2x/pause.png using Guid(1efe4aa24a33d0e4181b793c7107a7df) Importer(815301076,1909f56bfc062723c751e8b465ee728b)  -> (artifact id: '4c26a8349e732632454b37ddc1a55dfe') in 0.020384 seconds
Number of updated asset objects reloaded before import = 0
Number of asset objects unloaded after import = 3
========================================================================
Received Import Request.
  Time since last request: 0.000021 seconds.
  path: Assets/Assets/UI Elements/Black/2x/pause.png
  artifactKey: Guid(7d25427f8c66c3a4586c44ab2e9e30af) Importer(815301076,1909f56bfc062723c751e8b465ee728b)
Start importing Assets/Assets/UI Elements/Black/2x/pause.png using Guid(7d25427f8c66c3a4586c44ab2e9e30af) Importer(815301076,1909f56bfc062723c751e8b465ee728b)  -> (artifact id: '1bdf5dc631f5f97c66be4511a71dc56d') in 0.020002 seconds
Number of updated asset objects reloaded before import = 0
Number of asset objects unloaded after import = 3
========================================================================
Received Import Request.
  Time since last request: 0.000066 seconds.
  path: Assets/Asset/Pixel Adventure 1/Assets/Main Characters/Ninja Frog/Run (32x32).png
  artifactKey: Guid(e362bc6a7c79fce4db16d145d43a5550) Importer(815301076,1909f56bfc062723c751e8b465ee728b)
Start importing Assets/Asset/Pixel Adventure 1/Assets/Main Characters/Ninja Frog/Run (32x32).png using Guid(e362bc6a7c79fce4db16d145d43a5550) Importer(815301076,1909f56bfc062723c751e8b465ee728b)  -> (artifact id: '464e0c0fa736908b212b1ece4cf0d946') in 0.055104 seconds
Number of updated asset objects reloaded before import = 0
Number of asset objects unloaded after import = 14
========================================================================
Received Import Request.
  Time since last request: 0.000021 seconds.
  path: Assets/Asset/PixelArtStudio/SkeletonsPack/CommonSoldier/Textures/Run/Right/Run.png
  artifactKey: Guid(df37cc0b42a34954cbc47b8ad26a79bd) Importer(815301076,1909f56bfc062723c751e8b465ee728b)
Start importing Assets/Asset/PixelArtStudio/SkeletonsPack/CommonSoldier/Textures/Run/Right/Run.png using Guid(df37cc0b42a34954cbc47b8ad26a79bd) Importer(815301076,1909f56bfc062723c751e8b465ee728b)  -> (artifact id: '8710607955c991a81475116efd2d8e31') in 0.049116 seconds
Number of updated asset objects reloaded before import = 0
Number of asset objects unloaded after import = 11
========================================================================
Received Import Request.
  Time since last request: 0.000026 seconds.
  path: Assets/Asset/PixelArtStudio/SkeletonsPack/CommonSoldier/Textures/Run/Top/Run.png
  artifactKey: Guid(c30a166086a7553489949676dc67a549) Importer(815301076,1909f56bfc062723c751e8b465ee728b)
Start importing Assets/Asset/PixelArtStudio/SkeletonsPack/CommonSoldier/Textures/Run/Top/Run.png using Guid(c30a166086a7553489949676dc67a549) Importer(815301076,1909f56bfc062723c751e8b465ee728b)  -> (artifact id: '33e4b08f6babffa95bf2a14d81169a0a') in 0.046529 seconds
Number of updated asset objects reloaded before import = 0
Number of asset objects unloaded after import = 11
========================================================================
Received Import Request.
  Time since last request: 0.000035 seconds.
  path: Assets/Assets/UI Elements/White/1x/star.png
  artifactKey: Guid(929b54ef59aaeba4a9807a6ef928457b) Importer(815301076,1909f56bfc062723c751e8b465ee728b)
Start importing Assets/Assets/UI Elements/White/1x/star.png using Guid(929b54ef59aaeba4a9807a6ef928457b) Importer(815301076,1909f56bfc062723c751e8b465ee728b)  -> (artifact id: 'e7047fb97728ee21c6b1235444728c4d') in 0.020989 seconds
Number of updated asset objects reloaded before import = 0
Number of asset objects unloaded after import = 3
========================================================================
Received Import Request.
  Time since last request: 0.000025 seconds.
  path: Assets/Asset/PixelArtStudio/SkeletonsPack/CommonSoldier/Textures/Run/Left/Run.png
  artifactKey: Guid(eafe120ec778e9f46b079ae34b77af07) Importer(815301076,1909f56bfc062723c751e8b465ee728b)
Start importing Assets/Asset/PixelArtStudio/SkeletonsPack/CommonSoldier/Textures/Run/Left/Run.png using Guid(eafe120ec778e9f46b079ae34b77af07) Importer(815301076,1909f56bfc062723c751e8b465ee728b)  -> (artifact id: '784d5915245daa8e99e8a3c9bcbb4987') in 0.045370 seconds
Number of updated asset objects reloaded before import = 0
Number of asset objects unloaded after import = 11
========================================================================
Received Import Request.
  Time since last request: 0.000021 seconds.
  path: Assets/Assets/UI Elements/White/2x/up.png
  artifactKey: Guid(8a17f6ee71d7cd84893f3bf08e22e95a) Importer(815301076,1909f56bfc062723c751e8b465ee728b)
Start importing Assets/Assets/UI Elements/White/2x/up.png using Guid(8a17f6ee71d7cd84893f3bf08e22e95a) Importer(815301076,1909f56bfc062723c751e8b465ee728b)  -> (artifact id: '87910b91e4bce8f5ca7d28eb81544ad9') in 0.019636 seconds
Number of updated asset objects reloaded before import = 0
Number of asset objects unloaded after import = 3
========================================================================
Received Import Request.
  Time since last request: 0.000021 seconds.
  path: Assets/Assets/UI Elements/White/1x/pause.png
  artifactKey: Guid(07eca9a1a43b8cd4cbfd05ec7eacf695) Importer(815301076,1909f56bfc062723c751e8b465ee728b)
Start importing Assets/Assets/UI Elements/White/1x/pause.png using Guid(07eca9a1a43b8cd4cbfd05ec7eacf695) Importer(815301076,1909f56bfc062723c751e8b465ee728b)  -> (artifact id: 'c7043a61f1c72aefcf948b58436a8275') in 0.018867 seconds
Number of updated asset objects reloaded before import = 0
Number of asset objects unloaded after import = 3
========================================================================
Received Import Request.
  Time since last request: 0.000036 seconds.
  path: Assets/Assets/UI Elements/Extras/ProgressBars/Starprogress.png
  artifactKey: Guid(4b00c26149944254a804c18b63fd9c1c) Importer(815301076,1909f56bfc062723c751e8b465ee728b)
Start importing Assets/Assets/UI Elements/Extras/ProgressBars/Starprogress.png using Guid(4b00c26149944254a804c18b63fd9c1c) Importer(815301076,1909f56bfc062723c751e8b465ee728b)  -> (artifact id: 'ac0a1370f1da40b18d66399a03cfcf97') in 0.022527 seconds
Number of updated asset objects reloaded before import = 0
Number of asset objects unloaded after import = 3
========================================================================
Received Import Request.
  Time since last request: 0.000022 seconds.
  path: Assets/Asset/Pixel Adventure 1/Assets/Traps/Spiked Ball/Spiked Ball.png
  artifactKey: Guid(60e5d93de53da5642a38fce5925c3efa) Importer(815301076,1909f56bfc062723c751e8b465ee728b)
Start importing Assets/Asset/Pixel Adventure 1/Assets/Traps/Spiked Ball/Spiked Ball.png using Guid(60e5d93de53da5642a38fce5925c3efa) Importer(815301076,1909f56bfc062723c751e8b465ee728b)  -> (artifact id: '1d5f6434a2e3e000c131135b98d68a46') in 0.021822 seconds
Number of updated asset objects reloaded before import = 0
Number of asset objects unloaded after import = 3
========================================================================
Received Import Request.
  Time since last request: 0.000029 seconds.
  path: Assets/Assets/UI Elements/Black/1x/star.png
  artifactKey: Guid(792299b6da89b8f43b2f54dac62b9f98) Importer(815301076,1909f56bfc062723c751e8b465ee728b)
Start importing Assets/Assets/UI Elements/Black/1x/star.png using Guid(792299b6da89b8f43b2f54dac62b9f98) Importer(815301076,1909f56bfc062723c751e8b465ee728b)  -> (artifact id: '9e73f4e421af0eb0122d7aaae160e91a') in 0.022467 seconds
Number of updated asset objects reloaded before import = 0
Number of asset objects unloaded after import = 3
========================================================================
Received Import Request.
  Time since last request: 0.000026 seconds.
  path: Assets/Assets/UI Elements/Black/2x/up.png
  artifactKey: Guid(82ed6b9a2a9cd0b429146bcad42a3f7f) Importer(815301076,1909f56bfc062723c751e8b465ee728b)
Start importing Assets/Assets/UI Elements/Black/2x/up.png using Guid(82ed6b9a2a9cd0b429146bcad42a3f7f) Importer(815301076,1909f56bfc062723c751e8b465ee728b)  -> (artifact id: '2329384705373b4b47bfe430e225d402') in 0.022468 seconds
Number of updated asset objects reloaded before import = 0
Number of asset objects unloaded after import = 3
========================================================================
Received Import Request.
  Time since last request: 0.000046 seconds.
  path: Assets/Assets/UI Elements/Black/1x/video.png
  artifactKey: Guid(7be0d50e261c663449a17cb62a823959) Importer(815301076,1909f56bfc062723c751e8b465ee728b)
Start importing Assets/Assets/UI Elements/Black/1x/video.png using Guid(7be0d50e261c663449a17cb62a823959) Importer(815301076,1909f56bfc062723c751e8b465ee728b)  -> (artifact id: 'c119fa5f1e23f7caf6ff9a6b8658b555') in 0.022450 seconds
Number of updated asset objects reloaded before import = 0
Number of asset objects unloaded after import = 3
========================================================================
Received Import Request.
  Time since last request: 0.000024 seconds.
  path: Assets/Asset/PixelArtStudio/SkeletonsPack/CommonSoldier/Textures/GetHit/Bot/GetHit.png
  artifactKey: Guid(aee88f52e240db049b1554e5caf3620b) Importer(815301076,1909f56bfc062723c751e8b465ee728b)
Start importing Assets/Asset/PixelArtStudio/SkeletonsPack/CommonSoldier/Textures/GetHit/Bot/GetHit.png using Guid(aee88f52e240db049b1554e5caf3620b) Importer(815301076,1909f56bfc062723c751e8b465ee728b)  -> (artifact id: '3b05e941ad92f2c877f3726b1da388a5') in 0.032322 seconds
Number of updated asset objects reloaded before import = 0
Number of asset objects unloaded after import = 7
========================================================================
Received Import Request.
  Time since last request: 0.000018 seconds.
  path: Assets/Asset/Pixel Adventure 1/Assets/Main Characters/Mask Dude/Run (32x32).png
  artifactKey: Guid(97d5ce53f3ac76e4888319c6a53c7ff3) Importer(815301076,1909f56bfc062723c751e8b465ee728b)
Start importing Assets/Asset/Pixel Adventure 1/Assets/Main Characters/Mask Dude/Run (32x32).png using Guid(97d5ce53f3ac76e4888319c6a53c7ff3) Importer(815301076,1909f56bfc062723c751e8b465ee728b)  -> (artifact id: 'f7baee032f09dac44ae6eedc7ed458ba') in 0.051092 seconds
Number of updated asset objects reloaded before import = 0
Number of asset objects unloaded after import = 14
========================================================================
Received Import Request.
  Time since last request: 0.000020 seconds.
  path: Assets/Asset/Pixel Adventure 1/Assets/Main Characters/Virtual Guy/Run (32x32).png
  artifactKey: Guid(552146dbb8bac6f449493bca4b69540f) Importer(815301076,1909f56bfc062723c751e8b465ee728b)
Start importing Assets/Asset/Pixel Adventure 1/Assets/Main Characters/Virtual Guy/Run (32x32).png using Guid(552146dbb8bac6f449493bca4b69540f) Importer(815301076,1909f56bfc062723c751e8b465ee728b)  -> (artifact id: '3159655250660a67a0df6d5d961b9c1e') in 0.051910 seconds
Number of updated asset objects reloaded before import = 0
Number of asset objects unloaded after import = 14
========================================================================
Received Import Request.
  Time since last request: 0.000019 seconds.
  path: Assets/Asset/PixelArtStudio/SkeletonsPack/CommonSoldier/Textures/Run/LeftTop/Run.png
  artifactKey: Guid(f53fa8d8cb784b94e94b75682c95074e) Importer(815301076,1909f56bfc062723c751e8b465ee728b)
Start importing Assets/Asset/PixelArtStudio/SkeletonsPack/CommonSoldier/Textures/Run/LeftTop/Run.png using Guid(f53fa8d8cb784b94e94b75682c95074e) Importer(815301076,1909f56bfc062723c751e8b465ee728b)  -> (artifact id: 'd14d4d8861d17e47e39e860bb4795578') in 0.048260 seconds
Number of updated asset objects reloaded before import = 0
Number of asset objects unloaded after import = 11
========================================================================
Received Import Request.
  Time since last request: 0.000026 seconds.
  path: Assets/Assets/UI Elements/Black/2x/star.png
  artifactKey: Guid(4869d39903b74944aa3d8f1992581d6a) Importer(815301076,1909f56bfc062723c751e8b465ee728b)
Start importing Assets/Assets/UI Elements/Black/2x/star.png using Guid(4869d39903b74944aa3d8f1992581d6a) Importer(815301076,1909f56bfc062723c751e8b465ee728b)  -> (artifact id: 'e3947de0ef8f07a4794ec355daa3efc4') in 0.024662 seconds
Number of updated asset objects reloaded before import = 0
Number of asset objects unloaded after import = 3
========================================================================
Received Import Request.
  Time since last request: 0.000077 seconds.
  path: Assets/Assets/UI Elements/Black/1x/up.png
  artifactKey: Guid(41f5a7f2f23784341b1688043372ad80) Importer(815301076,1909f56bfc062723c751e8b465ee728b)
Start importing Assets/Assets/UI Elements/Black/1x/up.png using Guid(41f5a7f2f23784341b1688043372ad80) Importer(815301076,1909f56bfc062723c751e8b465ee728b)  -> (artifact id: '7d23c032431b9933e9a08eda04b49d8a') in 0.021819 seconds
Number of updated asset objects reloaded before import = 0
Number of asset objects unloaded after import = 3
========================================================================
Received Import Request.
  Time since last request: 0.000020 seconds.
  path: Assets/Asset/PixelArtStudio/SkeletonsPack/CommonSoldier/Textures/GetHit/Top/GetHit.png
  artifactKey: Guid(21a2ba9257d469444b3eb732ede31dc6) Importer(815301076,1909f56bfc062723c751e8b465ee728b)
Start importing Assets/Asset/PixelArtStudio/SkeletonsPack/CommonSoldier/Textures/GetHit/Top/GetHit.png using Guid(21a2ba9257d469444b3eb732ede31dc6) Importer(815301076,1909f56bfc062723c751e8b465ee728b)  -> (artifact id: 'd75e389c09a6195322510e74f9da019e') in 0.033432 seconds
Number of updated asset objects reloaded before import = 0
Number of asset objects unloaded after import = 7
========================================================================
Received Import Request.
  Time since last request: 0.000025 seconds.
  path: Assets/Assets/UI Elements/White/1x/video.png
  artifactKey: Guid(3718d157a9ae33d469bcd89dc6fe863f) Importer(815301076,1909f56bfc062723c751e8b465ee728b)
Start importing Assets/Assets/UI Elements/White/1x/video.png using Guid(3718d157a9ae33d469bcd89dc6fe863f) Importer(815301076,1909f56bfc062723c751e8b465ee728b)  -> (artifact id: '5131f08cd795fa5028cae0a2e12627f2') in 0.022127 seconds
Number of updated asset objects reloaded before import = 0
Number of asset objects unloaded after import = 3
========================================================================
Received Import Request.
  Time since last request: 0.000024 seconds.
  path: Assets/Assets/UI Elements/Black/1x/up arrow.png
  artifactKey: Guid(1f831ad7dc1b3d64d832d03b7b51fe17) Importer(815301076,1909f56bfc062723c751e8b465ee728b)
Start importing Assets/Assets/UI Elements/Black/1x/up arrow.png using Guid(1f831ad7dc1b3d64d832d03b7b51fe17) Importer(815301076,1909f56bfc062723c751e8b465ee728b)  -> (artifact id: '26a567799ee9e8ca997a2bc60c3b2102') in 0.022283 seconds
Number of updated asset objects reloaded before import = 0
Number of asset objects unloaded after import = 3
========================================================================
Received Import Request.
  Time since last request: 0.000024 seconds.
  path: Assets/RF Castle/Sliced/mainlevbuild.png
  artifactKey: Guid(d21555ce72e390f49ba41fd54c373b1b) Importer(815301076,1909f56bfc062723c751e8b465ee728b)
Start importing Assets/RF Castle/Sliced/mainlevbuild.png using Guid(d21555ce72e390f49ba41fd54c373b1b) Importer(815301076,1909f56bfc062723c751e8b465ee728b)  -> (artifact id: 'e0f37049a985213bc25cc274ebf948cc') in 2.451171 seconds
Number of updated asset objects reloaded before import = 0
Number of asset objects unloaded after import = 959
========================================================================
Received Import Request.
  Time since last request: 0.000032 seconds.
  path: Assets/Asset/PixelArtStudio/SkeletonsPack/CommonSoldier/Textures/GetHit/RightTop/GetHit.png
  artifactKey: Guid(6c57d31fd80b5da4daa9a74b12d0ae77) Importer(815301076,1909f56bfc062723c751e8b465ee728b)
Start importing Assets/Asset/PixelArtStudio/SkeletonsPack/CommonSoldier/Textures/GetHit/RightTop/GetHit.png using Guid(6c57d31fd80b5da4daa9a74b12d0ae77) Importer(815301076,1909f56bfc062723c751e8b465ee728b)  -> (artifact id: '31e7c41e9f6c9368be11f2f9f1442c32') in 0.041609 seconds
Number of updated asset objects reloaded before import = 0
Number of asset objects unloaded after import = 7
========================================================================
Received Import Request.
  Time since last request: 0.000031 seconds.
  path: Assets/Assets/UI Elements/White/2x/star.png
  artifactKey: Guid(b510deb155efddf49bc1d00839a57356) Importer(815301076,1909f56bfc062723c751e8b465ee728b)
Start importing Assets/Assets/UI Elements/White/2x/star.png using Guid(b510deb155efddf49bc1d00839a57356) Importer(815301076,1909f56bfc062723c751e8b465ee728b)  -> (artifact id: '822fb560406581db8fef480d2dd1ed6c') in 0.022868 seconds
Number of updated asset objects reloaded before import = 0
Number of asset objects unloaded after import = 3
========================================================================
Received Import Request.
  Time since last request: 0.000083 seconds.
  path: Assets/Asset/Pixel Adventure 1/Assets/Main Characters/Pink Man/Run (32x32).png
  artifactKey: Guid(cdb0cc8ca9aac2a4d84c6aa3c1cbf52b) Importer(815301076,1909f56bfc062723c751e8b465ee728b)
Start importing Assets/Asset/Pixel Adventure 1/Assets/Main Characters/Pink Man/Run (32x32).png using Guid(cdb0cc8ca9aac2a4d84c6aa3c1cbf52b) Importer(815301076,1909f56bfc062723c751e8b465ee728b)  -> (artifact id: '16236291fc8c5c2ca714fea1019743ff') in 0.051037 seconds
Number of updated asset objects reloaded before import = 0
Number of asset objects unloaded after import = 14
========================================================================
Received Import Request.
  Time since last request: 0.000018 seconds.
  path: Assets/Assets/UI Elements/White/2x/up arrow.png
  artifactKey: Guid(f770cba3027868644984454f295405d0) Importer(815301076,1909f56bfc062723c751e8b465ee728b)
Start importing Assets/Assets/UI Elements/White/2x/up arrow.png using Guid(f770cba3027868644984454f295405d0) Importer(815301076,1909f56bfc062723c751e8b465ee728b)  -> (artifact id: '187331483d7f34c3db2b540dede3c6fc') in 0.021176 seconds
Number of updated asset objects reloaded before import = 0
Number of asset objects unloaded after import = 3
========================================================================
Received Import Request.
  Time since last request: 0.000019 seconds.
  path: Assets/Assets/UI Elements/Extras/Rects/SquareRy8.png
  artifactKey: Guid(02bc6413e9c541c4c8fd2e7501c27232) Importer(815301076,1909f56bfc062723c751e8b465ee728b)
Start importing Assets/Assets/UI Elements/Extras/Rects/SquareRy8.png using Guid(02bc6413e9c541c4c8fd2e7501c27232) Importer(815301076,1909f56bfc062723c751e8b465ee728b)  -> (artifact id: '4751ba9ff1301c7a7e44ee1c8749e77e') in 0.026601 seconds
Number of updated asset objects reloaded before import = 0
Number of asset objects unloaded after import = 3
========================================================================
Received Import Request.
  Time since last request: 0.000019 seconds.
  path: Assets/Asset/Pixel Adventure 1/Assets/Items/Checkpoints/Start/Start (Idle).png
  artifactKey: Guid(3016a57ecc98e9e46b7a110ddd486ee9) Importer(815301076,1909f56bfc062723c751e8b465ee728b)
Start importing Assets/Asset/Pixel Adventure 1/Assets/Items/Checkpoints/Start/Start (Idle).png using Guid(3016a57ecc98e9e46b7a110ddd486ee9) Importer(815301076,1909f56bfc062723c751e8b465ee728b)  -> (artifact id: '3fd2a03dfa567ca7c287188281a423bd') in 0.022814 seconds
Number of updated asset objects reloaded before import = 0
Number of asset objects unloaded after import = 3
========================================================================
Received Import Request.
  Time since last request: 0.000023 seconds.
  path: Assets/Assets/UI Elements/White/1x/up arrow.png
  artifactKey: Guid(c356d10b4a98a33448a9da4bb7bc4990) Importer(815301076,1909f56bfc062723c751e8b465ee728b)
Start importing Assets/Assets/UI Elements/White/1x/up arrow.png using Guid(c356d10b4a98a33448a9da4bb7bc4990) Importer(815301076,1909f56bfc062723c751e8b465ee728b)  -> (artifact id: '8b5080a2eff2342ffe8bb3ed841ab614') in 0.022859 seconds
Number of updated asset objects reloaded before import = 0
Number of asset objects unloaded after import = 3
========================================================================
Received Import Request.
  Time since last request: 0.000029 seconds.
  path: Assets/Assets/UI Elements/Black/2x/up arrow.png
  artifactKey: Guid(a2c6125c7dc62bd4bba3f4b831b1f966) Importer(815301076,1909f56bfc062723c751e8b465ee728b)
Start importing Assets/Assets/UI Elements/Black/2x/up arrow.png using Guid(a2c6125c7dc62bd4bba3f4b831b1f966) Importer(815301076,1909f56bfc062723c751e8b465ee728b)  -> (artifact id: '67b8bc71294b7573bf4620f7258c130c') in 0.023932 seconds
Number of updated asset objects reloaded before import = 0
Number of asset objects unloaded after import = 3
========================================================================
Received Prepare
Begin MonoManager ReloadAssembly
- Loaded All Assemblies, in  0.563 seconds
Refreshing native plugins compatible for Editor in 2.00 ms, found 3 plugins.
Native extension for WindowsStandalone target not found
[Package Manager] Server::EnsureServerProcessIsRunning -- launch failed, reason: Unity was launched with the -noUpm command-line argument
[Package Manager] UpmClient::Send -- Unable to send message (not connected to UPM process).
[Package Manager] Cannot connect to Unity Package Manager local server
Mono: successfully reloaded assembly
- Finished resetting the current domain, in  1.006 seconds
Domain Reload Profiling: 1567ms
	BeginReloadAssembly (186ms)
		ExecutionOrderSort (0ms)
		DisableScriptedObjects (7ms)
		BackupInstance (0ms)
		ReleaseScriptingObjects (0ms)
		CreateAndSetChildDomain (55ms)
	RebuildCommonClasses (75ms)
	RebuildNativeTypeToScriptingClass (15ms)
	initialDomainReloadingComplete (37ms)
	LoadAllAssembliesAndSetupDomain (248ms)
		LoadAssemblies (319ms)
		RebuildTransferFunctionScriptingTraits (0ms)
		AnalyzeDomain (23ms)
			TypeCache.Refresh (9ms)
				TypeCache.ScanAssembly (1ms)
			ScanForSourceGeneratedMonoScriptInfo (7ms)
			ResolveRequiredComponents (6ms)
	FinalizeReload (1007ms)
		ReleaseScriptCaches (0ms)
		RebuildScriptCaches (0ms)
		SetupLoadedEditorAssemblies (527ms)
			LogAssemblyErrors (0ms)
			InitializePlatformSupportModulesInManaged (6ms)
			SetLoadedEditorAssemblies (4ms)
			RefreshPlugins (0ms)
			BeforeProcessingInitializeOnLoad (56ms)
			ProcessInitializeOnLoadAttributes (431ms)
			ProcessInitializeOnLoadMethodAttributes (24ms)
			AfterProcessingInitializeOnLoad (5ms)
			EditorAssembliesLoaded (0ms)
		ExecutionOrderSort2 (0ms)
		AwakeInstancesAfterBackupRestoration (6ms)
Refreshing native plugins compatible for Editor in 2.07 ms, found 3 plugins.
Preloading 0 native plugins for Editor in 0.00 ms.
Unloading 3294 Unused Serialized files (Serialized files now loaded: 0)
Unloading 25 unused Assets / (101.3 KB). Loaded Objects now: 3970.
Memory consumption went from 125.7 MB to 125.6 MB.
Total: 4.249900 ms (FindLiveObjects: 0.440900 ms CreateObjectMapping: 0.188400 ms MarkObjects: 3.541300 ms  DeleteObjects: 0.077800 ms)

Prepare: number of updated asset objects reloaded= 0
AssetImportParameters requested are different than current active one (requested -> active):
  custom:container-demuxer-ogg: 62fdf1f143b41e24485cea50d1cbac27 -> 
  custom:video-decoder-ogg-theora: a1e56fd34408186e4bbccfd4996cb3dc -> 
  custom:framework-win-MediaFoundation: 216162199b28c13a410421893ffa2e32 -> 
  custom:CustomObjectIndexerAttribute: 756ad292c208cfabdd7b50bc23989ffe -> 
  custom:container-demuxer-webm: 4f35f7cbe854078d1ac9338744f61a02 -> 
  custom:container-muxer-webm: aa71ff27fc2769a1b78a27578f13a17b -> 
  custom:video-decoder-webm-vp8: 9c59270c3fd7afecdb556c50c9e8de78 -> 
  custom:SearchIndexIgnoredProperties: e643bd26f0fe6173181afceb89e7c659 -> 
  custom:AudioImporter_EditorPlatform: d09bf68614088b80899f8185d706f6e7 -> 
  custom:video-encoder-webm-vp8: eb34c28f22e8b96e1ab97ce403110664 -> 
  custom:audio-decoder-ogg-vorbis: bf7c407c2cedff20999df2af8eb42d56 -> 
  custom:audio-encoder-webm-vorbis: bf7c407c2cedff20999df2af8eb42d56 -> 
========================================================================
Received Import Request.
  Time since last request: 1098.666682 seconds.
  path: Assets/Script/InteractionManager.cs
  artifactKey: Guid(82daa8408d69a8d44850fb533dab6c52) Importer(815301076,1909f56bfc062723c751e8b465ee728b)
Start importing Assets/Script/InteractionManager.cs using Guid(82daa8408d69a8d44850fb533dab6c52) Importer(815301076,1909f56bfc062723c751e8b465ee728b)  -> (artifact id: 'd1dab7db8eaabb26e1e8403f1c3c5f92') in 0.002079 seconds
Number of updated asset objects reloaded before import = 0
Number of asset objects unloaded after import = 0
